<?xml version="1.0" encoding="UTF-8" ?>
<testsuite tests="7" failures="0" name="com.tyeporter.greeting.GreetingTest" time="0.002" errors="0" skipped="0">
  <properties>
[...]
</properties>
  <testcase classname="com.tyeporter.greeting.GreetingTest" name="com.tyeporter.greeting.GreetingTest.testGreet_GivenName_GreetsPerson" time="0.002"/>
  <testcase classname="com.tyeporter.greeting.GreetingTest" name="com.tyeporter.greeting.GreetingTest.testGreet_GivenNull_GreetsFriend" time="0"/>
  <testcase classname="com.tyeporter.greeting.GreetingTest" name="com.tyeporter.greeting.GreetingTest.testGreet_GivenUppercaseName_GreetPersonWithUppercase" time="0"/>
  <testcase classname="com.tyeporter.greeting.GreetingTest" name="com.tyeporter.greeting.GreetingTest.testGreet_GivenTwoNames_GreetsTwoPeople" time="0"/>
  <testcase classname="com.tyeporter.greeting.GreetingTest" name="com.tyeporter.greeting.GreetingTest.testGreet_GivenNameAndNull_GreetsPersonAndFriend" time="0"/>
  <testcase classname="com.tyeporter.greeting.GreetingTest" name="com.tyeporter.greeting.GreetingTest.testGreet_GivenMultipleNames_GreetsPeople" time="0"/>
  <testcase classname="com.tyeporter.greeting.GreetingTest" name="com.tyeporter.greeting.GreetingTest.testGreet_GivenNameAndUppercaseName_GreetsPersonAndOtherWithUppercase" time="0"/>
</testsuite>